<?xml version="1.0" encoding="UTF-8"?>
<!-- Generated by org.testng.reporters.JUnitReportReporter -->
<testsuite hostname="PENNANT-VSP185" failures="0" tests="3" name="test.HolidayDAOImplTest" time="0.802" errors="0" timestamp="2023-07-03T10:08:04 IST" skipped="0">
  <testcase classname="test.HolidayDAOImplTest" name="testFindHolidayById" time="0.778"/>
  <testcase classname="test.HolidayDAOImplTest" name="testFindAllHolidays" time="0.005"/>
  <testcase classname="test.HolidayDAOImplTest" name="testFindAllGradeHolidays" time="0.019"/>
</testsuite> <!-- test.HolidayDAOImplTest -->
