<?xml version="1.0" encoding="UTF-8"?>
<!-- Generated by org.testng.reporters.JUnitReportReporter -->
<testsuite hostname="PENNANT-VSP185" failures="0" tests="3" name="test.EmploymentInductionDocumentServiceTest" time="0.550" errors="0" timestamp="2023-07-03T10:06:15 IST" skipped="0">
  <testcase classname="test.EmploymentInductionDocumentServiceTest" name="testAddEmploymentInductionDocument" time="0.542"/>
  <testcase classname="test.EmploymentInductionDocumentServiceTest" name="testGetEmploymentInductionDocumentFile" time="0.004"/>
  <testcase classname="test.EmploymentInductionDocumentServiceTest" name="testGetAllDocuments" time="0.004"/>
</testsuite> <!-- test.EmploymentInductionDocumentServiceTest -->
