<?xml version="1.0" encoding="UTF-8"?>
<!-- Generated by org.testng.reporters.JUnitReportReporter -->
<testsuite hostname="PENNANT-VSP185" failures="0" tests="9" name="test.ApplyPermissionDaoImplTest" time="0.929" errors="0" timestamp="2023-07-03T10:05:27 IST" skipped="0">
  <testcase classname="test.ApplyPermissionDaoImplTest" name="testGetEmployeeAndPermissionRequestData" time="0.148"/>
  <testcase classname="test.ApplyPermissionDaoImplTest" name="testGetEmployeeAndPermissionRequestDataCountPerMonth" time="0.003"/>
  <testcase classname="test.ApplyPermissionDaoImplTest" name="testGetEmployeeAndPermissionRequestData_NoResult" time="0.006"/>
  <testcase classname="test.ApplyPermissionDaoImplTest" name="testGetEmployeeApprovedPermissionsCount" time="0.003"/>
  <testcase classname="test.ApplyPermissionDaoImplTest" name="testGetPermissionByIdAndIndex_NoResult" time="0.601"/>
  <testcase classname="test.ApplyPermissionDaoImplTest" name="testGetNextPermissionIndex" time="0.040"/>
  <testcase classname="test.ApplyPermissionDaoImplTest" name="testGetEmployeesByHRAndManager" time="0.105"/>
  <testcase classname="test.ApplyPermissionDaoImplTest" name="testGetPermissionByIdAndIndex" time="0.005"/>
  <testcase classname="test.ApplyPermissionDaoImplTest" name="testPersist" time="0.018"/>
</testsuite> <!-- test.ApplyPermissionDaoImplTest -->
