<?xml version="1.0" encoding="UTF-8"?>
<!-- Generated by org.testng.reporters.JUnitReportReporter -->
<testsuite hostname="PENNANT-VSP185" failures="0" tests="3" name="test.PayRollDAOImplTest" time="0.626" errors="0" timestamp="2023-07-03T10:08:20 IST" skipped="0">
  <testcase classname="test.PayRollDAOImplTest" name="testGetEmployeePayslipsByEmployeeId" time="0.618"/>
  <testcase classname="test.PayRollDAOImplTest" name="testGetEmployeePayslipsByEmployeeIdAndMonthYear" time="0.003"/>
  <testcase classname="test.PayRollDAOImplTest" name="testInsertEmployeePayslip" time="0.005"/>
</testsuite> <!-- test.PayRollDAOImplTest -->
