<?xml version="1.0" encoding="UTF-8"?>
<!-- Generated by org.testng.reporters.JUnitReportReporter -->
<testsuite hostname="PENNANT-VSP185" failures="0" tests="2" name="test.EmploymentInductionServiceTest" time="0.538" errors="0" timestamp="2023-07-03T10:06:27 IST" skipped="0">
  <testcase classname="test.EmploymentInductionServiceTest" name="testGetNextId" time="0.502"/>
  <testcase classname="test.EmploymentInductionServiceTest" name="testGetId" time="0.036"/>
</testsuite> <!-- test.EmploymentInductionServiceTest -->
