<?xml version="1.0" encoding="UTF-8"?>
<!-- Generated by org.testng.reporters.JUnitReportReporter -->
<testsuite hostname="PENNANT-VSP185" failures="0" tests="8" name="test.EmployeeAttendanceServiceTest" time="0.677" errors="0" timestamp="2023-07-03T10:05:43 IST" skipped="0">
  <testcase classname="test.EmployeeAttendanceServiceTest" name="testCalculateAttendance" time="0.632"/>
  <testcase classname="test.EmployeeAttendanceServiceTest" name="testGetAvgPunchInAndOut_WithValidData_ReturnsAveragePunchInAndOutTimes" time="0.004"/>
  <testcase classname="test.EmployeeAttendanceServiceTest" name="testConvertToDateTime_WhenCellDoesNotContainDateTime_ReturnsNull" time="0.005"/>
  <testcase classname="test.EmployeeAttendanceServiceTest" name="testGetYesterdayPunchData" time="0.010"/>
  <testcase classname="test.EmployeeAttendanceServiceTest" name="testGetAvgPunchInAndOut_WithNoPunchData_ReturnsEmptyList" time="0.011"/>
  <testcase classname="test.EmployeeAttendanceServiceTest" name="testGetYears" time="0.007"/>
  <testcase classname="test.EmployeeAttendanceServiceTest" name="testConvertToDateTime_WhenCellContainsDateTime_ReturnsDateTimeValue" time="0.005"/>
  <testcase classname="test.EmployeeAttendanceServiceTest" name="testInsertEmployeeAttendance" time="0.003"/>
</testsuite> <!-- test.EmployeeAttendanceServiceTest -->
