<?xml version="1.0" encoding="UTF-8"?>
<!-- Generated by org.testng.reporters.JUnitReportReporter -->
<testsuite hostname="PENNANT-VSP185" failures="0" tests="6" name="test.EmployeeLeaveServiceTest" time="0.417" errors="0" timestamp="2023-07-03T10:05:55 IST" skipped="0">
  <testcase classname="test.EmployeeLeaveServiceTest" name="testCalculateLeavesTaken_NoLeaves" time="0.399"/>
  <testcase classname="test.EmployeeLeaveServiceTest" name="testCalculateLeavesTakenBetweenDatesWithNullDates" time="0.002"/>
  <testcase classname="test.EmployeeLeaveServiceTest" name="testCalculateLeavesTakenBetweenDatesWithSameDate" time="0.001"/>
  <testcase classname="test.EmployeeLeaveServiceTest" name="testCalculateLeavesTaken_PendingLeaves" time="0.005"/>
  <testcase classname="test.EmployeeLeaveServiceTest" name="testCalculateLeavesTakenBetweenDates" time="0.007"/>
  <testcase classname="test.EmployeeLeaveServiceTest" name="testCalculateLeavesTaken_WithLeaves" time="0.003"/>
</testsuite> <!-- test.EmployeeLeaveServiceTest -->
